Analysis & Synthesis report for Ram_example
Tue Mar 15 02:07:39 2016
Quartus II 64-Bit Version 13.0.1 Build 232 06/12/2013 Service Pack 1 SJ Web Edition


---------------------
; Table of Contents ;
---------------------
  1. Legal Notice
  2. Analysis & Synthesis Summary
  3. Analysis & Synthesis Settings
  4. Parallel Compilation
  5. Analysis & Synthesis Source Files Read
  6. Analysis & Synthesis Resource Usage Summary
  7. Analysis & Synthesis Resource Utilization by Entity
  8. Analysis & Synthesis RAM Summary
  9. Analysis & Synthesis DSP Block Usage Summary
 10. User-Specified and Inferred Latches
 11. Registers Removed During Synthesis
 12. General Register Statistics
 13. Registers Packed Into Inferred Megafunctions
 14. Source assignments for memory:memory_inst|altsyncram:rom_rtl_0|altsyncram_52p1:auto_generated
 15. Parameter Settings for User Entity Instance: memory:memory_inst
 16. Parameter Settings for Inferred Entity Instance: memory:memory_inst|altsyncram:rom_rtl_0
 17. Parameter Settings for Inferred Entity Instance: lpm_mult:Mult0
 18. Parameter Settings for Inferred Entity Instance: lpm_mult:Mult1
 19. altsyncram Parameter Settings by Entity Instance
 20. lpm_mult Parameter Settings by Entity Instance
 21. Elapsed Time Per Partition
 22. Analysis & Synthesis Messages
 23. Analysis & Synthesis Suppressed Messages



----------------
; Legal Notice ;
----------------
Copyright (C) 1991-2013 Altera Corporation
Your use of Altera Corporation's design tools, logic functions 
and other software and tools, and its AMPP partner logic 
functions, and any output files from any of the foregoing 
(including device programming or simulation files), and any 
associated documentation or information are expressly subject 
to the terms and conditions of the Altera Program License 
Subscription Agreement, Altera MegaCore Function License 
Agreement, or other applicable license agreement, including, 
without limitation, that your use is for the sole purpose of 
programming logic devices manufactured by Altera and sold by 
Altera or its authorized distributors.  Please refer to the 
applicable agreement for further details.



+--------------------------------------------------------------------------------------+
; Analysis & Synthesis Summary                                                         ;
+------------------------------------+-------------------------------------------------+
; Analysis & Synthesis Status        ; Successful - Tue Mar 15 02:07:37 2016           ;
; Quartus II 64-Bit Version          ; 13.0.1 Build 232 06/12/2013 SP 1 SJ Web Edition ;
; Revision Name                      ; Ram_example                                     ;
; Top-level Entity Name              ; windowing                                       ;
; Family                             ; Cyclone II                                      ;
; Total logic elements               ; 64                                              ;
;     Total combinational functions  ; 40                                              ;
;     Dedicated logic registers      ; 51                                              ;
; Total registers                    ; 51                                              ;
; Total pins                         ; 53                                              ;
; Total virtual pins                 ; 0                                               ;
; Total memory bits                  ; 16,384                                          ;
; Embedded Multiplier 9-bit elements ; 4                                               ;
; Total PLLs                         ; 0                                               ;
+------------------------------------+-------------------------------------------------+


+----------------------------------------------------------------------------------------------------------------------+
; Analysis & Synthesis Settings                                                                                        ;
+----------------------------------------------------------------------------+--------------------+--------------------+
; Option                                                                     ; Setting            ; Default Value      ;
+----------------------------------------------------------------------------+--------------------+--------------------+
; Device                                                                     ; EP2C35F672C6       ;                    ;
; Top-level entity name                                                      ; windowing          ; Ram_example        ;
; Family name                                                                ; Cyclone II         ; Cyclone IV GX      ;
; Use smart compilation                                                      ; Off                ; Off                ;
; Enable parallel Assembler and TimeQuest Timing Analyzer during compilation ; On                 ; On                 ;
; Enable compact report table                                                ; Off                ; Off                ;
; Restructure Multiplexers                                                   ; Auto               ; Auto               ;
; Create Debugging Nodes for IP Cores                                        ; Off                ; Off                ;
; Preserve fewer node names                                                  ; On                 ; On                 ;
; Disable OpenCore Plus hardware evaluation                                  ; Off                ; Off                ;
; Verilog Version                                                            ; Verilog_2001       ; Verilog_2001       ;
; VHDL Version                                                               ; VHDL_1993          ; VHDL_1993          ;
; State Machine Processing                                                   ; Auto               ; Auto               ;
; Safe State Machine                                                         ; Off                ; Off                ;
; Extract Verilog State Machines                                             ; On                 ; On                 ;
; Extract VHDL State Machines                                                ; On                 ; On                 ;
; Ignore Verilog initial constructs                                          ; Off                ; Off                ;
; Iteration limit for constant Verilog loops                                 ; 5000               ; 5000               ;
; Iteration limit for non-constant Verilog loops                             ; 250                ; 250                ;
; Add Pass-Through Logic to Inferred RAMs                                    ; On                 ; On                 ;
; Infer RAMs from Raw Logic                                                  ; On                 ; On                 ;
; Parallel Synthesis                                                         ; On                 ; On                 ;
; DSP Block Balancing                                                        ; Auto               ; Auto               ;
; NOT Gate Push-Back                                                         ; On                 ; On                 ;
; Power-Up Don't Care                                                        ; On                 ; On                 ;
; Remove Redundant Logic Cells                                               ; Off                ; Off                ;
; Remove Duplicate Registers                                                 ; On                 ; On                 ;
; Ignore CARRY Buffers                                                       ; Off                ; Off                ;
; Ignore CASCADE Buffers                                                     ; Off                ; Off                ;
; Ignore GLOBAL Buffers                                                      ; Off                ; Off                ;
; Ignore ROW GLOBAL Buffers                                                  ; Off                ; Off                ;
; Ignore LCELL Buffers                                                       ; Off                ; Off                ;
; Ignore SOFT Buffers                                                        ; On                 ; On                 ;
; Limit AHDL Integers to 32 Bits                                             ; Off                ; Off                ;
; Optimization Technique                                                     ; Balanced           ; Balanced           ;
; Carry Chain Length                                                         ; 70                 ; 70                 ;
; Auto Carry Chains                                                          ; On                 ; On                 ;
; Auto Open-Drain Pins                                                       ; On                 ; On                 ;
; Perform WYSIWYG Primitive Resynthesis                                      ; Off                ; Off                ;
; Auto ROM Replacement                                                       ; On                 ; On                 ;
; Auto RAM Replacement                                                       ; On                 ; On                 ;
; Auto Shift Register Replacement                                            ; Auto               ; Auto               ;
; Allow Shift Register Merging across Hierarchies                            ; Auto               ; Auto               ;
; Auto Clock Enable Replacement                                              ; On                 ; On                 ;
; Strict RAM Replacement                                                     ; Off                ; Off                ;
; Allow Synchronous Control Signals                                          ; On                 ; On                 ;
; Force Use of Synchronous Clear Signals                                     ; Off                ; Off                ;
; Auto RAM to Logic Cell Conversion                                          ; Off                ; Off                ;
; Auto Resource Sharing                                                      ; Off                ; Off                ;
; Allow Any RAM Size For Recognition                                         ; Off                ; Off                ;
; Allow Any ROM Size For Recognition                                         ; Off                ; Off                ;
; Allow Any Shift Register Size For Recognition                              ; Off                ; Off                ;
; Use LogicLock Constraints during Resource Balancing                        ; On                 ; On                 ;
; Ignore translate_off and synthesis_off directives                          ; Off                ; Off                ;
; Timing-Driven Synthesis                                                    ; Off                ; Off                ;
; Report Parameter Settings                                                  ; On                 ; On                 ;
; Report Source Assignments                                                  ; On                 ; On                 ;
; Report Connectivity Checks                                                 ; On                 ; On                 ;
; Ignore Maximum Fan-Out Assignments                                         ; Off                ; Off                ;
; Synchronization Register Chain Length                                      ; 2                  ; 2                  ;
; PowerPlay Power Optimization                                               ; Normal compilation ; Normal compilation ;
; HDL message level                                                          ; Level2             ; Level2             ;
; Suppress Register Optimization Related Messages                            ; Off                ; Off                ;
; Number of Removed Registers Reported in Synthesis Report                   ; 5000               ; 5000               ;
; Number of Swept Nodes Reported in Synthesis Report                         ; 5000               ; 5000               ;
; Number of Inverted Registers Reported in Synthesis Report                  ; 100                ; 100                ;
; Clock MUX Protection                                                       ; On                 ; On                 ;
; Auto Gated Clock Conversion                                                ; Off                ; Off                ;
; Block Design Naming                                                        ; Auto               ; Auto               ;
; SDC constraint protection                                                  ; Off                ; Off                ;
; Synthesis Effort                                                           ; Auto               ; Auto               ;
; Shift Register Replacement - Allow Asynchronous Clear Signal               ; On                 ; On                 ;
; Pre-Mapping Resynthesis Optimization                                       ; Off                ; Off                ;
; Analysis & Synthesis Message Level                                         ; Medium             ; Medium             ;
; Disable Register Merging Across Hierarchies                                ; Auto               ; Auto               ;
; Resource Aware Inference For Block RAM                                     ; On                 ; On                 ;
; Synthesis Seed                                                             ; 1                  ; 1                  ;
+----------------------------------------------------------------------------+--------------------+--------------------+


Parallel compilation was disabled, but you have multiple processors available. Enable parallel compilation to reduce compilation time.
+-------------------------------------+
; Parallel Compilation                ;
+----------------------------+--------+
; Processors                 ; Number ;
+----------------------------+--------+
; Number detected on machine ; 8      ;
; Maximum allowed            ; 1      ;
+----------------------------+--------+


+------------------------------------------------------------------------------------------------------------------------------------------------------------------------------------------------------------------+
; Analysis & Synthesis Source Files Read                                                                                                                                                                           ;
+---------------------------------------------+-----------------+-------------------------------------------------------+--------------------------------------------------------------------------------+---------+
; File Name with User-Entered Path            ; Used in Netlist ; File Type                                             ; File Name with Absolute Path                                                   ; Library ;
+---------------------------------------------+-----------------+-------------------------------------------------------+--------------------------------------------------------------------------------+---------+
; memory.v                                    ; yes             ; User Verilog HDL File                                 ; C:/Users/Micah/Desktop/Ram_example/memory.v                                    ;         ;
; windowing.v                                 ; yes             ; User Verilog HDL File                                 ; C:/Users/Micah/Desktop/Ram_example/windowing.v                                 ;         ;
; window_constants.txt                        ; yes             ; Auto-Found File                                       ; C:/Users/Micah/Desktop/Ram_example/window_constants.txt                        ;         ;
; altsyncram.tdf                              ; yes             ; Megafunction                                          ; c:/altera_lite/13.0sp1/quartus/libraries/megafunctions/altsyncram.tdf          ;         ;
; stratix_ram_block.inc                       ; yes             ; Megafunction                                          ; c:/altera_lite/13.0sp1/quartus/libraries/megafunctions/stratix_ram_block.inc   ;         ;
; lpm_mux.inc                                 ; yes             ; Megafunction                                          ; c:/altera_lite/13.0sp1/quartus/libraries/megafunctions/lpm_mux.inc             ;         ;
; lpm_decode.inc                              ; yes             ; Megafunction                                          ; c:/altera_lite/13.0sp1/quartus/libraries/megafunctions/lpm_decode.inc          ;         ;
; aglobal130.inc                              ; yes             ; Megafunction                                          ; c:/altera_lite/13.0sp1/quartus/libraries/megafunctions/aglobal130.inc          ;         ;
; a_rdenreg.inc                               ; yes             ; Megafunction                                          ; c:/altera_lite/13.0sp1/quartus/libraries/megafunctions/a_rdenreg.inc           ;         ;
; altrom.inc                                  ; yes             ; Megafunction                                          ; c:/altera_lite/13.0sp1/quartus/libraries/megafunctions/altrom.inc              ;         ;
; altram.inc                                  ; yes             ; Megafunction                                          ; c:/altera_lite/13.0sp1/quartus/libraries/megafunctions/altram.inc              ;         ;
; altdpram.inc                                ; yes             ; Megafunction                                          ; c:/altera_lite/13.0sp1/quartus/libraries/megafunctions/altdpram.inc            ;         ;
; db/altsyncram_52p1.tdf                      ; yes             ; Auto-Generated Megafunction                           ; C:/Users/Micah/Desktop/Ram_example/db/altsyncram_52p1.tdf                      ;         ;
; db/ram_example.ram0_memory_e411fb78.hdl.mif ; yes             ; Auto-Generated Auto-Found Memory Initialization File  ; C:/Users/Micah/Desktop/Ram_example/db/ram_example.ram0_memory_e411fb78.hdl.mif ;         ;
; lpm_mult.tdf                                ; yes             ; Megafunction                                          ; c:/altera_lite/13.0sp1/quartus/libraries/megafunctions/lpm_mult.tdf            ;         ;
; lpm_add_sub.inc                             ; yes             ; Megafunction                                          ; c:/altera_lite/13.0sp1/quartus/libraries/megafunctions/lpm_add_sub.inc         ;         ;
; multcore.inc                                ; yes             ; Megafunction                                          ; c:/altera_lite/13.0sp1/quartus/libraries/megafunctions/multcore.inc            ;         ;
; bypassff.inc                                ; yes             ; Megafunction                                          ; c:/altera_lite/13.0sp1/quartus/libraries/megafunctions/bypassff.inc            ;         ;
; altshift.inc                                ; yes             ; Megafunction                                          ; c:/altera_lite/13.0sp1/quartus/libraries/megafunctions/altshift.inc            ;         ;
; db/mult_u6t.tdf                             ; yes             ; Auto-Generated Megafunction                           ; C:/Users/Micah/Desktop/Ram_example/db/mult_u6t.tdf                             ;         ;
+---------------------------------------------+-----------------+-------------------------------------------------------+--------------------------------------------------------------------------------+---------+


+-----------------------------------------------------+
; Analysis & Synthesis Resource Usage Summary         ;
+---------------------------------------------+-------+
; Resource                                    ; Usage ;
+---------------------------------------------+-------+
; Estimated Total logic elements              ; 64    ;
;                                             ;       ;
; Total combinational functions               ; 40    ;
; Logic element usage by number of LUT inputs ;       ;
;     -- 4 input functions                    ; 7     ;
;     -- 3 input functions                    ; 9     ;
;     -- <=2 input functions                  ; 24    ;
;                                             ;       ;
; Logic elements by mode                      ;       ;
;     -- normal mode                          ; 20    ;
;     -- arithmetic mode                      ; 20    ;
;                                             ;       ;
; Total registers                             ; 51    ;
;     -- Dedicated logic registers            ; 51    ;
;     -- I/O registers                        ; 0     ;
;                                             ;       ;
; I/O pins                                    ; 53    ;
; Total memory bits                           ; 16384 ;
; Embedded Multiplier 9-bit elements          ; 4     ;
; Maximum fan-out node                        ; clk   ;
; Maximum fan-out                             ; 59    ;
; Total fan-out                               ; 415   ;
; Average fan-out                             ; 2.66  ;
+---------------------------------------------+-------+


+----------------------------------------------------------------------------------------------------------------------------------------------------------------------------------------------------------------------------------------------------------+
; Analysis & Synthesis Resource Utilization by Entity                                                                                                                                                                                                      ;
+-------------------------------------------+-------------------+--------------+-------------+--------------+---------+-----------+------+--------------+-----------------------------------------------------------------------------------+--------------+
; Compilation Hierarchy Node                ; LC Combinationals ; LC Registers ; Memory Bits ; DSP Elements ; DSP 9x9 ; DSP 18x18 ; Pins ; Virtual Pins ; Full Hierarchy Name                                                               ; Library Name ;
+-------------------------------------------+-------------------+--------------+-------------+--------------+---------+-----------+------+--------------+-----------------------------------------------------------------------------------+--------------+
; |windowing                                ; 40 (40)           ; 51 (51)      ; 16384       ; 4            ; 0       ; 2         ; 53   ; 0            ; |windowing                                                                        ; work         ;
;    |lpm_mult:Mult0|                       ; 0 (0)             ; 0 (0)        ; 0           ; 2            ; 0       ; 1         ; 0    ; 0            ; |windowing|lpm_mult:Mult0                                                         ; work         ;
;       |mult_u6t:auto_generated|           ; 0 (0)             ; 0 (0)        ; 0           ; 2            ; 0       ; 1         ; 0    ; 0            ; |windowing|lpm_mult:Mult0|mult_u6t:auto_generated                                 ; work         ;
;    |lpm_mult:Mult1|                       ; 0 (0)             ; 0 (0)        ; 0           ; 2            ; 0       ; 1         ; 0    ; 0            ; |windowing|lpm_mult:Mult1                                                         ; work         ;
;       |mult_u6t:auto_generated|           ; 0 (0)             ; 0 (0)        ; 0           ; 2            ; 0       ; 1         ; 0    ; 0            ; |windowing|lpm_mult:Mult1|mult_u6t:auto_generated                                 ; work         ;
;    |memory:memory_inst|                   ; 0 (0)             ; 0 (0)        ; 16384       ; 0            ; 0       ; 0         ; 0    ; 0            ; |windowing|memory:memory_inst                                                     ; work         ;
;       |altsyncram:rom_rtl_0|              ; 0 (0)             ; 0 (0)        ; 16384       ; 0            ; 0       ; 0         ; 0    ; 0            ; |windowing|memory:memory_inst|altsyncram:rom_rtl_0                                ; work         ;
;          |altsyncram_52p1:auto_generated| ; 0 (0)             ; 0 (0)        ; 16384       ; 0            ; 0       ; 0         ; 0    ; 0            ; |windowing|memory:memory_inst|altsyncram:rom_rtl_0|altsyncram_52p1:auto_generated ; work         ;
+-------------------------------------------+-------------------+--------------+-------------+--------------+---------+-----------+------+--------------+-----------------------------------------------------------------------------------+--------------+
Note: For table entries with two numbers listed, the numbers in parentheses indicate the number of resources of the given type used by the specific entity alone. The numbers listed outside of parentheses indicate the total resources of the given type used by the specific entity and all of its sub-entities in the hierarchy.


+-----------------------------------------------------------------------------------------------------------------------------------------------------------------------------------------------------------------------------+
; Analysis & Synthesis RAM Summary                                                                                                                                                                                            ;
+-----------------------------------------------------------------------------------+------+----------------+--------------+--------------+--------------+--------------+-------+---------------------------------------------+
; Name                                                                              ; Type ; Mode           ; Port A Depth ; Port A Width ; Port B Depth ; Port B Width ; Size  ; MIF                                         ;
+-----------------------------------------------------------------------------------+------+----------------+--------------+--------------+--------------+--------------+-------+---------------------------------------------+
; memory:memory_inst|altsyncram:rom_rtl_0|altsyncram_52p1:auto_generated|ALTSYNCRAM ; AUTO ; True Dual Port ; 2048         ; 8            ; 2048         ; 8            ; 16384 ; db/Ram_example.ram0_memory_e411fb78.hdl.mif ;
+-----------------------------------------------------------------------------------+------+----------------+--------------+--------------+--------------+--------------+-------+---------------------------------------------+


+-----------------------------------------------------+
; Analysis & Synthesis DSP Block Usage Summary        ;
+---------------------------------------+-------------+
; Statistic                             ; Number Used ;
+---------------------------------------+-------------+
; Simple Multipliers (9-bit)            ; 0           ;
; Simple Multipliers (18-bit)           ; 2           ;
; Embedded Multiplier Blocks            ; --          ;
; Embedded Multiplier 9-bit elements    ; 4           ;
; Signed Embedded Multipliers           ; 0           ;
; Unsigned Embedded Multipliers         ; 2           ;
; Mixed Sign Embedded Multipliers       ; 0           ;
; Variable Sign Embedded Multipliers    ; 0           ;
; Dedicated Input Shift Register Chains ; 0           ;
+---------------------------------------+-------------+
Note: number of Embedded Multiplier Blocks used is only available after a successful fit.


+---------------------------------------------------------------------------------------------------+
; User-Specified and Inferred Latches                                                               ;
+----------------------------------------------------+---------------------+------------------------+
; Latch Name                                         ; Latch Enable Signal ; Free of Timing Hazards ;
+----------------------------------------------------+---------------------+------------------------+
; nextState[2]                                       ; Mux1                ; yes                    ;
; nextState[0]                                       ; Mux1                ; yes                    ;
; nextState[1]                                       ; Mux1                ; yes                    ;
; Number of user-specified and inferred latches = 3  ;                     ;                        ;
+----------------------------------------------------+---------------------+------------------------+
Note: All latches listed above may not be present at the end of synthesis due to various synthesis optimizations.


+--------------------------------------------------------------------------------+
; Registers Removed During Synthesis                                             ;
+---------------------------------------+----------------------------------------+
; Register name                         ; Reason for Removal                     ;
+---------------------------------------+----------------------------------------+
; addr_counter[0]                       ; Stuck at GND due to stuck port data_in ;
; Total Number of Removed Registers = 1 ;                                        ;
+---------------------------------------+----------------------------------------+


+------------------------------------------------------+
; General Register Statistics                          ;
+----------------------------------------------+-------+
; Statistic                                    ; Value ;
+----------------------------------------------+-------+
; Total registers                              ; 51    ;
; Number of registers using Synchronous Clear  ; 0     ;
; Number of registers using Synchronous Load   ; 0     ;
; Number of registers using Asynchronous Clear ; 0     ;
; Number of registers using Asynchronous Load  ; 0     ;
; Number of registers using Clock Enable       ; 47    ;
; Number of registers using Preset             ; 0     ;
+----------------------------------------------+-------+


+--------------------------------------------------------------------+
; Registers Packed Into Inferred Megafunctions                       ;
+------------------------------+------------------------------+------+
; Register Name                ; Megafunction                 ; Type ;
+------------------------------+------------------------------+------+
; memory:memory_inst|q_a[0..7] ; memory:memory_inst|rom_rtl_0 ; RAM  ;
; memory:memory_inst|q_b[0..7] ; memory:memory_inst|rom_rtl_0 ; RAM  ;
+------------------------------+------------------------------+------+


+-----------------------------------------------------------------------------------------------+
; Source assignments for memory:memory_inst|altsyncram:rom_rtl_0|altsyncram_52p1:auto_generated ;
+---------------------------------+--------------------+------+---------------------------------+
; Assignment                      ; Value              ; From ; To                              ;
+---------------------------------+--------------------+------+---------------------------------+
; OPTIMIZE_POWER_DURING_SYNTHESIS ; NORMAL_COMPILATION ; -    ; -                               ;
+---------------------------------+--------------------+------+---------------------------------+


+-----------------------------------------------------------------+
; Parameter Settings for User Entity Instance: memory:memory_inst ;
+----------------+-------+----------------------------------------+
; Parameter Name ; Value ; Type                                   ;
+----------------+-------+----------------------------------------+
; DATA_WIDTH     ; 8     ; Signed Integer                         ;
; ADDR_WIDTH     ; 11    ; Signed Integer                         ;
+----------------+-------+----------------------------------------+
Note: In order to hide this table in the UI and the text report file, please set the "Show Parameter Settings in Synthesis Report" option in "Analysis and Synthesis Settings -> More Settings" to "Off".


+---------------------------------------------------------------------------------------------------+
; Parameter Settings for Inferred Entity Instance: memory:memory_inst|altsyncram:rom_rtl_0          ;
+------------------------------------+---------------------------------------------+----------------+
; Parameter Name                     ; Value                                       ; Type           ;
+------------------------------------+---------------------------------------------+----------------+
; BYTE_SIZE_BLOCK                    ; 8                                           ; Untyped        ;
; AUTO_CARRY_CHAINS                  ; ON                                          ; AUTO_CARRY     ;
; IGNORE_CARRY_BUFFERS               ; OFF                                         ; IGNORE_CARRY   ;
; AUTO_CASCADE_CHAINS                ; ON                                          ; AUTO_CASCADE   ;
; IGNORE_CASCADE_BUFFERS             ; OFF                                         ; IGNORE_CASCADE ;
; WIDTH_BYTEENA                      ; 1                                           ; Untyped        ;
; OPERATION_MODE                     ; BIDIR_DUAL_PORT                             ; Untyped        ;
; WIDTH_A                            ; 8                                           ; Untyped        ;
; WIDTHAD_A                          ; 11                                          ; Untyped        ;
; NUMWORDS_A                         ; 2048                                        ; Untyped        ;
; OUTDATA_REG_A                      ; UNREGISTERED                                ; Untyped        ;
; ADDRESS_ACLR_A                     ; NONE                                        ; Untyped        ;
; OUTDATA_ACLR_A                     ; NONE                                        ; Untyped        ;
; WRCONTROL_ACLR_A                   ; NONE                                        ; Untyped        ;
; INDATA_ACLR_A                      ; NONE                                        ; Untyped        ;
; BYTEENA_ACLR_A                     ; NONE                                        ; Untyped        ;
; WIDTH_B                            ; 8                                           ; Untyped        ;
; WIDTHAD_B                          ; 11                                          ; Untyped        ;
; NUMWORDS_B                         ; 2048                                        ; Untyped        ;
; INDATA_REG_B                       ; CLOCK0                                      ; Untyped        ;
; WRCONTROL_WRADDRESS_REG_B          ; CLOCK0                                      ; Untyped        ;
; RDCONTROL_REG_B                    ; CLOCK1                                      ; Untyped        ;
; ADDRESS_REG_B                      ; CLOCK0                                      ; Untyped        ;
; OUTDATA_REG_B                      ; UNREGISTERED                                ; Untyped        ;
; BYTEENA_REG_B                      ; CLOCK1                                      ; Untyped        ;
; INDATA_ACLR_B                      ; NONE                                        ; Untyped        ;
; WRCONTROL_ACLR_B                   ; NONE                                        ; Untyped        ;
; ADDRESS_ACLR_B                     ; NONE                                        ; Untyped        ;
; OUTDATA_ACLR_B                     ; NONE                                        ; Untyped        ;
; RDCONTROL_ACLR_B                   ; NONE                                        ; Untyped        ;
; BYTEENA_ACLR_B                     ; NONE                                        ; Untyped        ;
; WIDTH_BYTEENA_A                    ; 1                                           ; Untyped        ;
; WIDTH_BYTEENA_B                    ; 1                                           ; Untyped        ;
; RAM_BLOCK_TYPE                     ; AUTO                                        ; Untyped        ;
; BYTE_SIZE                          ; 8                                           ; Untyped        ;
; READ_DURING_WRITE_MODE_MIXED_PORTS ; DONT_CARE                                   ; Untyped        ;
; READ_DURING_WRITE_MODE_PORT_A      ; NEW_DATA_NO_NBE_READ                        ; Untyped        ;
; READ_DURING_WRITE_MODE_PORT_B      ; NEW_DATA_NO_NBE_READ                        ; Untyped        ;
; INIT_FILE                          ; db/Ram_example.ram0_memory_e411fb78.hdl.mif ; Untyped        ;
; INIT_FILE_LAYOUT                   ; PORT_A                                      ; Untyped        ;
; MAXIMUM_DEPTH                      ; 0                                           ; Untyped        ;
; CLOCK_ENABLE_INPUT_A               ; NORMAL                                      ; Untyped        ;
; CLOCK_ENABLE_INPUT_B               ; NORMAL                                      ; Untyped        ;
; CLOCK_ENABLE_OUTPUT_A              ; NORMAL                                      ; Untyped        ;
; CLOCK_ENABLE_OUTPUT_B              ; NORMAL                                      ; Untyped        ;
; CLOCK_ENABLE_CORE_A                ; USE_INPUT_CLKEN                             ; Untyped        ;
; CLOCK_ENABLE_CORE_B                ; USE_INPUT_CLKEN                             ; Untyped        ;
; ENABLE_ECC                         ; FALSE                                       ; Untyped        ;
; ECC_PIPELINE_STAGE_ENABLED         ; FALSE                                       ; Untyped        ;
; WIDTH_ECCSTATUS                    ; 3                                           ; Untyped        ;
; DEVICE_FAMILY                      ; Cyclone II                                  ; Untyped        ;
; CBXI_PARAMETER                     ; altsyncram_52p1                             ; Untyped        ;
+------------------------------------+---------------------------------------------+----------------+
Note: In order to hide this table in the UI and the text report file, please set the "Show Parameter Settings in Synthesis Report" option in "Analysis and Synthesis Settings -> More Settings" to "Off".


+-----------------------------------------------------------------------------------+
; Parameter Settings for Inferred Entity Instance: lpm_mult:Mult0                   ;
+------------------------------------------------+------------+---------------------+
; Parameter Name                                 ; Value      ; Type                ;
+------------------------------------------------+------------+---------------------+
; AUTO_CARRY_CHAINS                              ; ON         ; AUTO_CARRY          ;
; IGNORE_CARRY_BUFFERS                           ; OFF        ; IGNORE_CARRY        ;
; AUTO_CASCADE_CHAINS                            ; ON         ; AUTO_CASCADE        ;
; IGNORE_CASCADE_BUFFERS                         ; OFF        ; IGNORE_CASCADE      ;
; LPM_WIDTHA                                     ; 12         ; Untyped             ;
; LPM_WIDTHB                                     ; 8          ; Untyped             ;
; LPM_WIDTHP                                     ; 20         ; Untyped             ;
; LPM_WIDTHR                                     ; 20         ; Untyped             ;
; LPM_WIDTHS                                     ; 1          ; Untyped             ;
; LPM_REPRESENTATION                             ; UNSIGNED   ; Untyped             ;
; LPM_PIPELINE                                   ; 0          ; Untyped             ;
; LATENCY                                        ; 0          ; Untyped             ;
; INPUT_A_IS_CONSTANT                            ; NO         ; Untyped             ;
; INPUT_B_IS_CONSTANT                            ; NO         ; Untyped             ;
; USE_EAB                                        ; OFF        ; Untyped             ;
; MAXIMIZE_SPEED                                 ; 5          ; Untyped             ;
; DEVICE_FAMILY                                  ; Cyclone II ; Untyped             ;
; CARRY_CHAIN                                    ; MANUAL     ; Untyped             ;
; APEX20K_TECHNOLOGY_MAPPER                      ; LUT        ; TECH_MAPPER_APEX20K ;
; DEDICATED_MULTIPLIER_CIRCUITRY                 ; AUTO       ; Untyped             ;
; DEDICATED_MULTIPLIER_MIN_INPUT_WIDTH_FOR_AUTO  ; 0          ; Untyped             ;
; DEDICATED_MULTIPLIER_MIN_OUTPUT_WIDTH_FOR_AUTO ; 0          ; Untyped             ;
; CBXI_PARAMETER                                 ; mult_u6t   ; Untyped             ;
; INPUT_A_FIXED_VALUE                            ; Bx         ; Untyped             ;
; INPUT_B_FIXED_VALUE                            ; Bx         ; Untyped             ;
; USE_AHDL_IMPLEMENTATION                        ; OFF        ; Untyped             ;
+------------------------------------------------+------------+---------------------+
Note: In order to hide this table in the UI and the text report file, please set the "Show Parameter Settings in Synthesis Report" option in "Analysis and Synthesis Settings -> More Settings" to "Off".


+-----------------------------------------------------------------------------------+
; Parameter Settings for Inferred Entity Instance: lpm_mult:Mult1                   ;
+------------------------------------------------+------------+---------------------+
; Parameter Name                                 ; Value      ; Type                ;
+------------------------------------------------+------------+---------------------+
; AUTO_CARRY_CHAINS                              ; ON         ; AUTO_CARRY          ;
; IGNORE_CARRY_BUFFERS                           ; OFF        ; IGNORE_CARRY        ;
; AUTO_CASCADE_CHAINS                            ; ON         ; AUTO_CASCADE        ;
; IGNORE_CASCADE_BUFFERS                         ; OFF        ; IGNORE_CASCADE      ;
; LPM_WIDTHA                                     ; 12         ; Untyped             ;
; LPM_WIDTHB                                     ; 8          ; Untyped             ;
; LPM_WIDTHP                                     ; 20         ; Untyped             ;
; LPM_WIDTHR                                     ; 20         ; Untyped             ;
; LPM_WIDTHS                                     ; 1          ; Untyped             ;
; LPM_REPRESENTATION                             ; UNSIGNED   ; Untyped             ;
; LPM_PIPELINE                                   ; 0          ; Untyped             ;
; LATENCY                                        ; 0          ; Untyped             ;
; INPUT_A_IS_CONSTANT                            ; NO         ; Untyped             ;
; INPUT_B_IS_CONSTANT                            ; NO         ; Untyped             ;
; USE_EAB                                        ; OFF        ; Untyped             ;
; MAXIMIZE_SPEED                                 ; 5          ; Untyped             ;
; DEVICE_FAMILY                                  ; Cyclone II ; Untyped             ;
; CARRY_CHAIN                                    ; MANUAL     ; Untyped             ;
; APEX20K_TECHNOLOGY_MAPPER                      ; LUT        ; TECH_MAPPER_APEX20K ;
; DEDICATED_MULTIPLIER_CIRCUITRY                 ; AUTO       ; Untyped             ;
; DEDICATED_MULTIPLIER_MIN_INPUT_WIDTH_FOR_AUTO  ; 0          ; Untyped             ;
; DEDICATED_MULTIPLIER_MIN_OUTPUT_WIDTH_FOR_AUTO ; 0          ; Untyped             ;
; CBXI_PARAMETER                                 ; mult_u6t   ; Untyped             ;
; INPUT_A_FIXED_VALUE                            ; Bx         ; Untyped             ;
; INPUT_B_FIXED_VALUE                            ; Bx         ; Untyped             ;
; USE_AHDL_IMPLEMENTATION                        ; OFF        ; Untyped             ;
+------------------------------------------------+------------+---------------------+
Note: In order to hide this table in the UI and the text report file, please set the "Show Parameter Settings in Synthesis Report" option in "Analysis and Synthesis Settings -> More Settings" to "Off".


+-------------------------------------------------------------------------------------+
; altsyncram Parameter Settings by Entity Instance                                    ;
+-------------------------------------------+-----------------------------------------+
; Name                                      ; Value                                   ;
+-------------------------------------------+-----------------------------------------+
; Number of entity instances                ; 1                                       ;
; Entity Instance                           ; memory:memory_inst|altsyncram:rom_rtl_0 ;
;     -- OPERATION_MODE                     ; BIDIR_DUAL_PORT                         ;
;     -- WIDTH_A                            ; 8                                       ;
;     -- NUMWORDS_A                         ; 2048                                    ;
;     -- OUTDATA_REG_A                      ; UNREGISTERED                            ;
;     -- WIDTH_B                            ; 8                                       ;
;     -- NUMWORDS_B                         ; 2048                                    ;
;     -- ADDRESS_REG_B                      ; CLOCK0                                  ;
;     -- OUTDATA_REG_B                      ; UNREGISTERED                            ;
;     -- RAM_BLOCK_TYPE                     ; AUTO                                    ;
;     -- READ_DURING_WRITE_MODE_MIXED_PORTS ; DONT_CARE                               ;
+-------------------------------------------+-----------------------------------------+


+--------------------------------------------------------+
; lpm_mult Parameter Settings by Entity Instance         ;
+---------------------------------------+----------------+
; Name                                  ; Value          ;
+---------------------------------------+----------------+
; Number of entity instances            ; 2              ;
; Entity Instance                       ; lpm_mult:Mult0 ;
;     -- LPM_WIDTHA                     ; 12             ;
;     -- LPM_WIDTHB                     ; 8              ;
;     -- LPM_WIDTHP                     ; 20             ;
;     -- LPM_REPRESENTATION             ; UNSIGNED       ;
;     -- INPUT_A_IS_CONSTANT            ; NO             ;
;     -- INPUT_B_IS_CONSTANT            ; NO             ;
;     -- USE_EAB                        ; OFF            ;
;     -- DEDICATED_MULTIPLIER_CIRCUITRY ; AUTO           ;
;     -- INPUT_A_FIXED_VALUE            ; Bx             ;
;     -- INPUT_B_FIXED_VALUE            ; Bx             ;
; Entity Instance                       ; lpm_mult:Mult1 ;
;     -- LPM_WIDTHA                     ; 12             ;
;     -- LPM_WIDTHB                     ; 8              ;
;     -- LPM_WIDTHP                     ; 20             ;
;     -- LPM_REPRESENTATION             ; UNSIGNED       ;
;     -- INPUT_A_IS_CONSTANT            ; NO             ;
;     -- INPUT_B_IS_CONSTANT            ; NO             ;
;     -- USE_EAB                        ; OFF            ;
;     -- DEDICATED_MULTIPLIER_CIRCUITRY ; AUTO           ;
;     -- INPUT_A_FIXED_VALUE            ; Bx             ;
;     -- INPUT_B_FIXED_VALUE            ; Bx             ;
+---------------------------------------+----------------+


+-------------------------------+
; Elapsed Time Per Partition    ;
+----------------+--------------+
; Partition Name ; Elapsed Time ;
+----------------+--------------+
; Top            ; 00:00:02     ;
+----------------+--------------+


+-------------------------------+
; Analysis & Synthesis Messages ;
+-------------------------------+
Info: *******************************************************************
Info: Running Quartus II 64-Bit Analysis & Synthesis
    Info: Version 13.0.1 Build 232 06/12/2013 Service Pack 1 SJ Web Edition
    Info: Processing started: Tue Mar 15 02:07:32 2016
Info: Command: quartus_map --read_settings_files=on --write_settings_files=off Ram_example -c Ram_example
Warning (20028): Parallel compilation is not licensed and has been disabled
Info (12021): Found 1 design units, including 1 entities, in source file memory.v
    Info (12023): Found entity 1: memory
Info (12021): Found 1 design units, including 1 entities, in source file tb_memory.v
    Info (12023): Found entity 1: tb_memory
Info (12021): Found 1 design units, including 1 entities, in source file windowing.v
    Info (12023): Found entity 1: windowing
Info (12021): Found 1 design units, including 1 entities, in source file tb_window.v
    Info (12023): Found entity 1: tb_window
Info (12127): Elaborating entity "windowing" for the top level hierarchy
Warning (10230): Verilog HDL assignment warning at windowing.v(42): truncated value with size 32 to match size of target (11)
Warning (10230): Verilog HDL assignment warning at windowing.v(52): truncated value with size 32 to match size of target (11)
Warning (10230): Verilog HDL assignment warning at windowing.v(57): truncated value with size 32 to match size of target (14)
Warning (10230): Verilog HDL assignment warning at windowing.v(66): truncated value with size 20 to match size of target (12)
Warning (10230): Verilog HDL assignment warning at windowing.v(67): truncated value with size 20 to match size of target (12)
Warning (10270): Verilog HDL Case Statement warning at windowing.v(78): incomplete case statement has no default case item
Warning (10240): Verilog HDL Always Construct warning at windowing.v(73): inferring latch(es) for variable "nextState", which holds its previous value in one or more paths through the always construct
Warning (10030): Net "reset_addr_counter" at windowing.v(16) has no driver or initial value, using a default initial value '0'
Info (10041): Inferred latch for "nextState[0]" at windowing.v(73)
Info (10041): Inferred latch for "nextState[1]" at windowing.v(73)
Info (10041): Inferred latch for "nextState[2]" at windowing.v(73)
Info (12128): Elaborating entity "memory" for hierarchy "memory:memory_inst"
Warning (10030): Net "rom.data_a" at memory.v(13) has no driver or initial value, using a default initial value '0'
Warning (10030): Net "rom.waddr_a" at memory.v(13) has no driver or initial value, using a default initial value '0'
Warning (10030): Net "rom.we_a" at memory.v(13) has no driver or initial value, using a default initial value '0'
Info (19000): Inferred 1 megafunctions from design logic
    Info (276029): Inferred altsyncram megafunction from the following design logic: "memory:memory_inst|rom_rtl_0" 
        Info (286033): Parameter OPERATION_MODE set to BIDIR_DUAL_PORT
        Info (286033): Parameter WIDTH_A set to 8
        Info (286033): Parameter WIDTH_B set to 8
        Info (286033): Parameter WIDTHAD_A set to 11
        Info (286033): Parameter WIDTHAD_B set to 11
        Info (286033): Parameter NUMWORDS_A set to 2048
        Info (286033): Parameter NUMWORDS_B set to 2048
        Info (286033): Parameter OUTDATA_REG_A set to UNREGISTERED
        Info (286033): Parameter OUTDATA_REG_B set to UNREGISTERED
        Info (286033): Parameter ADDRESS_REG_B set to CLOCK0
        Info (286033): Parameter INDATA_REG_B set to CLOCK0
        Info (286033): Parameter WRCONTROL_WRADDRESS_REG_B set to CLOCK0
        Info (286033): Parameter INDATA_ACLR_A set to NONE
        Info (286033): Parameter WRCONTROL_ACLR_A set to NONE
        Info (286033): Parameter ADDRESS_ACLR_A set to NONE
        Info (286033): Parameter ADDRESS_ACLR_B set to NONE
        Info (286033): Parameter OUTDATA_ACLR_B set to NONE
        Info (286033): Parameter INIT_FILE set to db/Ram_example.ram0_memory_e411fb78.hdl.mif
Info (278001): Inferred 2 megafunctions from design logic
    Info (278003): Inferred multiplier megafunction ("lpm_mult") from the following logic: "Mult0"
    Info (278003): Inferred multiplier megafunction ("lpm_mult") from the following logic: "Mult1"
Info (12130): Elaborated megafunction instantiation "memory:memory_inst|altsyncram:rom_rtl_0"
Info (12133): Instantiated megafunction "memory:memory_inst|altsyncram:rom_rtl_0" with the following parameter:
    Info (12134): Parameter "OPERATION_MODE" = "BIDIR_DUAL_PORT"
    Info (12134): Parameter "WIDTH_A" = "8"
    Info (12134): Parameter "WIDTH_B" = "8"
    Info (12134): Parameter "WIDTHAD_A" = "11"
    Info (12134): Parameter "WIDTHAD_B" = "11"
    Info (12134): Parameter "NUMWORDS_A" = "2048"
    Info (12134): Parameter "NUMWORDS_B" = "2048"
    Info (12134): Parameter "OUTDATA_REG_A" = "UNREGISTERED"
    Info (12134): Parameter "OUTDATA_REG_B" = "UNREGISTERED"
    Info (12134): Parameter "ADDRESS_REG_B" = "CLOCK0"
    Info (12134): Parameter "INDATA_REG_B" = "CLOCK0"
    Info (12134): Parameter "WRCONTROL_WRADDRESS_REG_B" = "CLOCK0"
    Info (12134): Parameter "INDATA_ACLR_A" = "NONE"
    Info (12134): Parameter "WRCONTROL_ACLR_A" = "NONE"
    Info (12134): Parameter "ADDRESS_ACLR_A" = "NONE"
    Info (12134): Parameter "ADDRESS_ACLR_B" = "NONE"
    Info (12134): Parameter "OUTDATA_ACLR_B" = "NONE"
    Info (12134): Parameter "INIT_FILE" = "db/Ram_example.ram0_memory_e411fb78.hdl.mif"
Info (12021): Found 1 design units, including 1 entities, in source file db/altsyncram_52p1.tdf
    Info (12023): Found entity 1: altsyncram_52p1
Info (12130): Elaborated megafunction instantiation "lpm_mult:Mult0"
Info (12133): Instantiated megafunction "lpm_mult:Mult0" with the following parameter:
    Info (12134): Parameter "LPM_WIDTHA" = "12"
    Info (12134): Parameter "LPM_WIDTHB" = "8"
    Info (12134): Parameter "LPM_WIDTHP" = "20"
    Info (12134): Parameter "LPM_WIDTHR" = "20"
    Info (12134): Parameter "LPM_WIDTHS" = "1"
    Info (12134): Parameter "LPM_REPRESENTATION" = "UNSIGNED"
    Info (12134): Parameter "INPUT_A_IS_CONSTANT" = "NO"
    Info (12134): Parameter "INPUT_B_IS_CONSTANT" = "NO"
    Info (12134): Parameter "MAXIMIZE_SPEED" = "5"
Info (12021): Found 1 design units, including 1 entities, in source file db/mult_u6t.tdf
    Info (12023): Found entity 1: mult_u6t
Warning (13012): Latch nextState[2] has unsafe behavior
    Warning (13013): Ports D and ENA on the latch are fed by the same signal state[0]~reg0
Warning (13012): Latch nextState[0] has unsafe behavior
    Warning (13013): Ports D and ENA on the latch are fed by the same signal state[0]~reg0
Warning (13012): Latch nextState[1] has unsafe behavior
    Warning (13013): Ports D and ENA on the latch are fed by the same signal state[1]~reg0
Info (144001): Generated suppressed messages file C:/Users/Micah/Desktop/Ram_example/output_files/Ram_example.map.smsg
Info (16010): Generating hard_block partition "hard_block:auto_generated_inst"
    Info (16011): Adding 0 node(s), including 0 DDIO, 0 PLL, 0 transceiver and 0 LCELL
Info (21057): Implemented 132 device resources after synthesis - the final resource count might be different
    Info (21058): Implemented 25 input pins
    Info (21059): Implemented 28 output pins
    Info (21061): Implemented 67 logic cells
    Info (21064): Implemented 8 RAM segments
    Info (21062): Implemented 4 DSP elements
Info: Quartus II 64-Bit Analysis & Synthesis was successful. 0 errors, 18 warnings
    Info: Peak virtual memory: 484 megabytes
    Info: Processing ended: Tue Mar 15 02:07:39 2016
    Info: Elapsed time: 00:00:07
    Info: Total CPU time (on all processors): 00:00:05


+------------------------------------------+
; Analysis & Synthesis Suppressed Messages ;
+------------------------------------------+
The suppressed messages can be found in C:/Users/Micah/Desktop/Ram_example/output_files/Ram_example.map.smsg.


