Flow report for Radar
Sat Mar 26 15:37:22 2016
Quartus II 64-Bit Version 13.0.1 Build 232 06/12/2013 Service Pack 1 SJ Full Version


---------------------
; Table of Contents ;
---------------------
  1. Legal Notice
  2. Flow Summary
  3. Flow Settings
  4. Flow Non-Default Global Settings
  5. Flow Elapsed Time
  6. Flow OS Summary
  7. Flow Log
  8. Flow Messages
  9. Flow Suppressed Messages



----------------
; Legal Notice ;
----------------
Copyright (C) 1991-2013 Altera Corporation
Your use of Altera Corporation's design tools, logic functions 
and other software and tools, and its AMPP partner logic 
functions, and any output files from any of the foregoing 
(including device programming or simulation files), and any 
associated documentation or information are expressly subject 
to the terms and conditions of the Altera Program License 
Subscription Agreement, Altera MegaCore Function License 
Agreement, or other applicable license agreement, including, 
without limitation, that your use is for the sole purpose of 
programming logic devices manufactured by Altera and sold by 
Altera or its authorized distributors.  Please refer to the 
applicable agreement for further details.



+---------------------------------------------------------------------------------------+
; Flow Summary                                                                          ;
+------------------------------------+--------------------------------------------------+
; Flow Status                        ; Successful - Sat Mar 26 15:37:22 2016            ;
; Quartus II 64-Bit Version          ; 13.0.1 Build 232 06/12/2013 SP 1 SJ Full Version ;
; Revision Name                      ; Radar                                            ;
; Top-level Entity Name              ; Radar_top                                        ;
; Family                             ; Cyclone IV E                                     ;
; Device                             ; EP4CE115F29C7                                    ;
; Timing Models                      ; Final                                            ;
; Total logic elements               ; 1,381 / 114,480 ( 1 % )                          ;
;     Total combinational functions  ; 1,195 / 114,480 ( 1 % )                          ;
;     Dedicated logic registers      ; 827 / 114,480 ( < 1 % )                          ;
; Total registers                    ; 827                                              ;
; Total pins                         ; 92 / 529 ( 17 % )                                ;
; Total virtual pins                 ; 0                                                ;
; Total memory bits                  ; 213,352 / 3,981,312 ( 5 % )                      ;
; Embedded Multiplier 9-bit elements ; 12 / 532 ( 2 % )                                 ;
; Total PLLs                         ; 0 / 4 ( 0 % )                                    ;
+------------------------------------+--------------------------------------------------+


+-----------------------------------------+
; Flow Settings                           ;
+-------------------+---------------------+
; Option            ; Setting             ;
+-------------------+---------------------+
; Start date & time ; 03/26/2016 15:36:08 ;
; Main task         ; Compilation         ;
; Revision Name     ; Radar               ;
+-------------------+---------------------+


+----------------------------------------------------------------------------------------------------------------------------+
; Flow Non-Default Global Settings                                                                                           ;
+-------------------------------------+---------------------------------------+---------------+-------------+----------------+
; Assignment Name                     ; Value                                 ; Default Value ; Entity Name ; Section Id     ;
+-------------------------------------+---------------------------------------+---------------+-------------+----------------+
; COMPILER_SIGNATURE_ID               ; 131996031179387.145903176803976       ; --            ; --          ; --             ;
; EDA_OUTPUT_DATA_FORMAT              ; Verilog Hdl                           ; --            ; --          ; eda_simulation ;
; EDA_SIMULATION_TOOL                 ; ModelSim-Altera (Verilog)             ; <None>        ; --          ; --             ;
; MAX_CORE_JUNCTION_TEMP              ; 85                                    ; --            ; --          ; --             ;
; MIN_CORE_JUNCTION_TEMP              ; 0                                     ; --            ; --          ; --             ;
; PARTITION_COLOR                     ; 16764057                              ; --            ; Radar_top   ; Top            ;
; PARTITION_FITTER_PRESERVATION_LEVEL ; PLACEMENT_AND_ROUTING                 ; --            ; Radar_top   ; Top            ;
; PARTITION_NETLIST_TYPE              ; SOURCE                                ; --            ; Radar_top   ; Top            ;
; POWER_BOARD_THERMAL_MODEL           ; None (CONSERVATIVE)                   ; --            ; --          ; --             ;
; POWER_PRESET_COOLING_SOLUTION       ; 23 MM HEAT SINK WITH 200 LFPM AIRFLOW ; --            ; --          ; --             ;
; PROJECT_OUTPUT_DIRECTORY            ; output_files                          ; --            ; --          ; --             ;
; TOP_LEVEL_ENTITY                    ; Radar_top                             ; Radar         ; --          ; --             ;
+-------------------------------------+---------------------------------------+---------------+-------------+----------------+


+-------------------------------------------------------------------------------------------------------------------------------+
; Flow Elapsed Time                                                                                                             ;
+---------------------------+--------------+-------------------------+---------------------+------------------------------------+
; Module Name               ; Elapsed Time ; Average Processors Used ; Peak Virtual Memory ; Total CPU Time (on all processors) ;
+---------------------------+--------------+-------------------------+---------------------+------------------------------------+
; Analysis & Synthesis      ; 00:00:11     ; 1.0                     ; 532 MB              ; 00:00:09                           ;
; Fitter                    ; 00:00:40     ; 1.4                     ; 1243 MB             ; 00:00:50                           ;
; Assembler                 ; 00:00:07     ; 1.0                     ; 467 MB              ; 00:00:07                           ;
; TimeQuest Timing Analyzer ; 00:00:06     ; 1.0                     ; 600 MB              ; 00:00:06                           ;
; EDA Netlist Writer        ; 00:00:04     ; 1.0                     ; 443 MB              ; 00:00:04                           ;
; Total                     ; 00:01:08     ; --                      ; --                  ; 00:01:16                           ;
+---------------------------+--------------+-------------------------+---------------------+------------------------------------+


+----------------------------------------------------------------------------------------+
; Flow OS Summary                                                                        ;
+---------------------------+------------------+-----------+------------+----------------+
; Module Name               ; Machine Hostname ; OS Name   ; OS Version ; Processor type ;
+---------------------------+------------------+-----------+------------+----------------+
; Analysis & Synthesis      ; Dart             ; Windows 7 ; 6.2        ; x86_64         ;
; Fitter                    ; Dart             ; Windows 7 ; 6.2        ; x86_64         ;
; Assembler                 ; Dart             ; Windows 7 ; 6.2        ; x86_64         ;
; TimeQuest Timing Analyzer ; Dart             ; Windows 7 ; 6.2        ; x86_64         ;
; EDA Netlist Writer        ; Dart             ; Windows 7 ; 6.2        ; x86_64         ;
+---------------------------+------------------+-----------+------------+----------------+


------------
; Flow Log ;
------------
quartus_map --read_settings_files=on --write_settings_files=off Radar -c Radar
quartus_fit --read_settings_files=off --write_settings_files=off Radar -c Radar
quartus_asm --read_settings_files=off --write_settings_files=off Radar -c Radar
quartus_sta Radar -c Radar
quartus_eda --read_settings_files=off --write_settings_files=off Radar -c Radar



