Flow report for FFT_Mag
Fri Mar 04 00:07:35 2016
Quartus II 64-Bit Version 13.0.1 Build 232 06/12/2013 Service Pack 1 SJ Web Edition


---------------------
; Table of Contents ;
---------------------
  1. Legal Notice
  2. Flow Summary
  3. Flow Settings
  4. Flow Non-Default Global Settings
  5. Flow Elapsed Time
  6. Flow OS Summary
  7. Flow Log
  8. Flow Messages
  9. Flow Suppressed Messages



----------------
; Legal Notice ;
----------------
Copyright (C) 1991-2013 Altera Corporation
Your use of Altera Corporation's design tools, logic functions 
and other software and tools, and its AMPP partner logic 
functions, and any output files from any of the foregoing 
(including device programming or simulation files), and any 
associated documentation or information are expressly subject 
to the terms and conditions of the Altera Program License 
Subscription Agreement, Altera MegaCore Function License 
Agreement, or other applicable license agreement, including, 
without limitation, that your use is for the sole purpose of 
programming logic devices manufactured by Altera and sold by 
Altera or its authorized distributors.  Please refer to the 
applicable agreement for further details.



+--------------------------------------------------------------------------------------+
; Flow Summary                                                                         ;
+------------------------------------+-------------------------------------------------+
; Flow Status                        ; Successful - Fri Mar 04 00:07:35 2016           ;
; Quartus II 64-Bit Version          ; 13.0.1 Build 232 06/12/2013 SP 1 SJ Web Edition ;
; Revision Name                      ; FFT_Mag                                         ;
; Top-level Entity Name              ; FFT_Mag                                         ;
; Family                             ; Cyclone II                                      ;
; Device                             ; EP2C70F672C6                                    ;
; Timing Models                      ; Final                                           ;
; Total logic elements               ; 993 / 68,416 ( 1 % )                            ;
;     Total combinational functions  ; 879 / 68,416 ( 1 % )                            ;
;     Dedicated logic registers      ; 556 / 68,416 ( < 1 % )                          ;
; Total registers                    ; 556                                             ;
; Total pins                         ; 124 / 422 ( 29 % )                              ;
; Total virtual pins                 ; 0                                               ;
; Total memory bits                  ; 221,544 / 1,152,000 ( 19 % )                    ;
; Embedded Multiplier 9-bit elements ; 8 / 300 ( 3 % )                                 ;
; Total PLLs                         ; 0 / 4 ( 0 % )                                   ;
+------------------------------------+-------------------------------------------------+


+-----------------------------------------+
; Flow Settings                           ;
+-------------------+---------------------+
; Option            ; Setting             ;
+-------------------+---------------------+
; Start date & time ; 03/04/2016 00:05:22 ;
; Main task         ; Compilation         ;
; Revision Name     ; FFT_Mag             ;
+-------------------+---------------------+


+---------------------------------------------------------------------------------------------------------------------+
; Flow Non-Default Global Settings                                                                                    ;
+-------------------------------------+--------------------------------+---------------+-------------+----------------+
; Assignment Name                     ; Value                          ; Default Value ; Entity Name ; Section Id     ;
+-------------------------------------+--------------------------------+---------------+-------------+----------------+
; COMPILER_SIGNATURE_ID               ; 29477942009057.145707872116692 ; --            ; --          ; --             ;
; EDA_OUTPUT_DATA_FORMAT              ; Verilog Hdl                    ; --            ; --          ; eda_simulation ;
; EDA_SIMULATION_TOOL                 ; ModelSim-Altera (Verilog)      ; <None>        ; --          ; --             ;
; MAX_CORE_JUNCTION_TEMP              ; 85                             ; --            ; --          ; --             ;
; MIN_CORE_JUNCTION_TEMP              ; 0                              ; --            ; --          ; --             ;
; PARTITION_COLOR                     ; 16764057                       ; --            ; --          ; Top            ;
; PARTITION_FITTER_PRESERVATION_LEVEL ; PLACEMENT_AND_ROUTING          ; --            ; --          ; Top            ;
; PARTITION_NETLIST_TYPE              ; SOURCE                         ; --            ; --          ; Top            ;
; PROJECT_OUTPUT_DIRECTORY            ; output_files                   ; --            ; --          ; --             ;
+-------------------------------------+--------------------------------+---------------+-------------+----------------+


+-------------------------------------------------------------------------------------------------------------------------------+
; Flow Elapsed Time                                                                                                             ;
+---------------------------+--------------+-------------------------+---------------------+------------------------------------+
; Module Name               ; Elapsed Time ; Average Processors Used ; Peak Virtual Memory ; Total CPU Time (on all processors) ;
+---------------------------+--------------+-------------------------+---------------------+------------------------------------+
; Analysis & Synthesis      ; 00:00:18     ; 1.0                     ; 489 MB              ; 00:00:15                           ;
; Fitter                    ; 00:01:15     ; 1.0                     ; 780 MB              ; 00:01:14                           ;
; Assembler                 ; 00:00:16     ; 1.0                     ; 455 MB              ; 00:00:16                           ;
; TimeQuest Timing Analyzer ; 00:00:08     ; 1.0                     ; 435 MB              ; 00:00:07                           ;
; EDA Netlist Writer        ; 00:00:06     ; 1.0                     ; 402 MB              ; 00:00:05                           ;
; Total                     ; 00:02:03     ; --                      ; --                  ; 00:01:57                           ;
+---------------------------+--------------+-------------------------+---------------------+------------------------------------+


+----------------------------------------------------------------------------------------+
; Flow OS Summary                                                                        ;
+---------------------------+------------------+-----------+------------+----------------+
; Module Name               ; Machine Hostname ; OS Name   ; OS Version ; Processor type ;
+---------------------------+------------------+-----------+------------+----------------+
; Analysis & Synthesis      ; M                ; Windows 7 ; 6.2        ; x86_64         ;
; Fitter                    ; M                ; Windows 7 ; 6.2        ; x86_64         ;
; Assembler                 ; M                ; Windows 7 ; 6.2        ; x86_64         ;
; TimeQuest Timing Analyzer ; M                ; Windows 7 ; 6.2        ; x86_64         ;
; EDA Netlist Writer        ; M                ; Windows 7 ; 6.2        ; x86_64         ;
+---------------------------+------------------+-----------+------------+----------------+


------------
; Flow Log ;
------------
quartus_map --read_settings_files=on --write_settings_files=off FFT_Mag -c FFT_Mag
quartus_fit --read_settings_files=off --write_settings_files=off FFT_Mag -c FFT_Mag
quartus_asm --read_settings_files=off --write_settings_files=off FFT_Mag -c FFT_Mag
quartus_sta FFT_Mag -c FFT_Mag
quartus_eda --read_settings_files=off --write_settings_files=off FFT_Mag -c FFT_Mag



