(---------------------------------------------------------------------)
(                                                                     )
(    Compose Shapes                                                   )
(                                                                     )
(    Drawing          : PLL_VCO_FINAL.brd                             )
(    Software Version : 16.6S042                                      )
(    Date/Time        : Tue Mar 22 23:39:55 2016                      )
(                                                                     )
(---------------------------------------------------------------------)


current class name(ETCH)
Get shape struct returns nil
A total of 0 shapes were created.
There are segments remaining which do not form a closed shape based on current gap settings.
Use the "Close Shape" option from the RMB popup to close any shape(s) left open.
Get shape struct returns nil
A total of 0 shapes were created.
There are segments remaining which do not form a closed shape based on current gap settings.
Use the "Close Shape" option from the RMB popup to close any shape(s) left open.
Get shape struct returns nil
A total of 0 shapes were created.
There are segments remaining which do not form a closed shape based on current gap settings.
Use the "Close Shape" option from the RMB popup to close any shape(s) left open.
current class name(BOARD GEOMETRY)
Get shape struct returns nil
A total of 0 shapes were created.
There are segments remaining which do not form a closed shape based on current gap settings.
Use the "Close Shape" option from the RMB popup to close any shape(s) left open.
current class name(BOARD GEOMETRY)
Cannot find intersection point of Line dbid:263665840 and Line dbid:263662952. There is a gap
Get shape struct returns nil
A total of 0 shapes were created.
There are segments remaining which do not form a closed shape based on current gap settings.
Use the "Close Shape" option from the RMB popup to close any shape(s) left open.
current class name(BOARD GEOMETRY)
Cannot find intersection point of Line dbid:263665840 and Line dbid:263662952. There is a gap
Find smallest gap failed. Be cautious, this may not be an error
A total of 1 shapes were created.
