(---------------------------------------------------------------------)
(                                                                     )
(    Allegro Netrev Import Logic                                      )
(                                                                     )
(    Drawing          : PLL_SQ.brd                                    )
(    Software Version : 16.6P004                                      )
(    Date/Time        : Fri Feb 05 00:33:24 2016                      )
(                                                                     )
(---------------------------------------------------------------------)


------ Directives ------

RIPUP_ETCH FALSE;
RIPUP_DELETE_FIRST_SEGMENT FALSE;
RIPUP_RETAIN_BONDWIRE FALSE;
RIPUP_SYMBOLS ALWAYS;
Missing symbol has error FALSE;
SCHEMATIC_DIRECTORY 'C:/Users/Jun/Desktop/transFull/allegro';
BOARD_DIRECTORY '';
OLD_BOARD_NAME 'PLL_SQ.brd';
NEW_BOARD_NAME 'PLL_SQ.brd';

CmdLine: netrev -$ -i C:/Users/Jun/Desktop/transFull/allegro -y 1 C:/Users/Jun/Desktop/transFull/#Taaaahs19420.tmp

------ Preparing to read pst files ------

Starting to read C:/Users/Jun/Desktop/transFull/allegro/pstchip.dat 
   Finished reading C:/Users/Jun/Desktop/transFull/allegro/pstchip.dat (00:00:00.03)
Starting to read C:/Users/Jun/Desktop/transFull/allegro/pstxprt.dat 
   Finished reading C:/Users/Jun/Desktop/transFull/allegro/pstxprt.dat (00:00:00.00)
Starting to read C:/Users/Jun/Desktop/transFull/allegro/pstxnet.dat 
   Finished reading C:/Users/Jun/Desktop/transFull/allegro/pstxnet.dat (00:00:00.00)

------ Oversights/Warnings/Errors ------


------ Library Paths ------
MODULEPATH =  . 
           C:/Cadence/SPB_16.6/share/local/pcb/modules 

PSMPATH =  . 
           symbols 
           .. 
           ../symbols 
           C:/Cadence/SPB_16.6/share/local/pcb/symbols 
           C:/Cadence/SPB_16.6/share/pcb/pcb_lib/symbols 
           C:/Cadence/SPB_16.6/share/pcb/allegrolib/symbols 
           C:/Cadence/MyLib/Footprint/ 
           C:/UltraLibrarian/Library/Exported/Allegro/hmc996 
           C:/Users/Jun/Desktop/transFull/psm/footprints/ 
           C:/Users/Jun/Desktop/transFull/psm/hmc701-40/ 

PADPATH =  . 
           symbols 
           .. 
           ../symbols 
           C:/Cadence/SPB_16.6/share/local/pcb/padstacks 
           C:/Cadence/SPB_16.6/share/pcb/pcb_lib/symbols 
           C:/Cadence/SPB_16.6/share/pcb/allegrolib/symbols 
           C:/Cadence/MyLib/Pad/ 
           C:/UltraLibrarian/Library/Exported/Allegro/hmc996 
           C:/Users/Jun/Desktop/transFull/psm/padstacks/ 
           C:/Users/Jun/Desktop/transFull/psm/hmc701-40/ 


------ Summary Statistics ------


netrev run on Feb 5 0:33:24 2016
   DESIGN NAME : 'TRANS'
   PACKAGING ON Sep 10 2012 04:46:09

   COMPILE 'logic'
   CHECK_PIN_NAMES OFF
   CROSS_REFERENCE OFF
   FEEDBACK OFF
   INCREMENTAL OFF
   INTERFACE_TYPE PHYSICAL
   MAX_ERRORS 500
   MERGE_MINIMUM 5
   NET_NAME_CHARS '#%&()*+-./:=>?@[]^_`|'
   NET_NAME_LENGTH 24
   OVERSIGHTS ON
   REPLACE_CHECK OFF
   SINGLE_NODE_NETS ON
   SPLIT_MINIMUM 0
   SUPPRESS   20
   WARNINGS ON

 No error detected
 No oversight detected
 No warning detected

cpu time      0:00:41
elapsed time  0:00:00

