(---------------------------------------------------------------------)
(                                                                     )
(    ARTWORK LOG                                                      )
(                                                                     )
(    Drawing          : PLL_VCO_FINAL.brd                             )
(    Software Version : 16.6S042                                      )
(    Date/Time        : Thu Mar 10 14:21:56 2016                      )
(                                                                     )
(---------------------------------------------------------------------)



 ******************************************
 WARNING: DRC OUT OF DATE on this layout.
 ******************************************

 ---- Photoplot outline rectangle not found; using drawing extents.



Results from parameter file ...
    DEVICE-TYPE           GERBER_RS274X
    OUTPUT-UNITS          INCHES
    FILM-SIZE             2400000 1600000
    FORMAT                3.5
    ABORT-ON-ERROR        NO
    SCALE                 1
    SUPPRESS-LEAD-ZEROES  YES
    SUPPRESS-TRAIL-ZEROES NO
    SUPPRESS-EQUAL        YES
    UNDEF-APT-CONT        NO


================================================================
     PROCESSING FILM < PM_TOP >
     TO FILE < C:/Users/Dart/Desktop/FMCW/FMCW/PCB/Transmitter/PM_TOP.art > ...
================================================================

  FILM PARAMETERS :
  ---------------------------------------------------------
  Undefined line width                0.00
  Mirror code                         NONE
  Rotate angle                        NONE
  Offset x:                           0.00
  Offset y:                           0.00
  Plot negative                       NO
  Suppress unconnected internal pads  NO
  Draw holes only                     NO



  APERTURES USED:
  ---------------------------------------------------------
  TYPE       SIZE/NAME                   ROT   MIRROR MODE 
  ---------------------------------------------------------
  SQUARE     0.00100                     0.000 NO     DARK 
  SQUARE     0.03937                     0.000 NO     DARK 
  SQUARE     0.10400                     0.000 NO     DARK 
  RECTANGLE  0.01181     x 0.02775       0.000 NO     DARK 
  RECTANGLE  0.01181     x 0.02775      90.000 NO     DARK 
  RECTANGLE  0.01200     x 0.03200       0.000 NO     DARK 
  RECTANGLE  0.01200     x 0.03200      90.000 NO     DARK 
  RECTANGLE  0.02402     x 0.01024      90.000 NO     DARK 
  RECTANGLE  0.02559     x 0.00984      90.000 NO     DARK 
  RECTANGLE  0.05906     x 0.04331       0.000 NO     DARK 
  RECTANGLE  0.07087     x 0.04331       0.000 NO     DARK 
  RECTANGLE  0.07480     x 0.05512      90.000 NO     DARK 
  RECTANGLE  0.08268     x 0.01772      90.000 NO     DARK 
  RECTANGLE  0.15600     x 0.05900       0.000 NO     DARK 
  RECTANGLE  0.15600     x 0.05900      90.000 NO     DARK 
  RECTANGLE  0.16700     x 0.05900       0.000 NO     DARK 
  RECTANGLE  0.16700     x 0.05900      90.000 NO     DARK 

     PM_TOP created with warnings


------------------------------------------------------
 SUMMARY:
        PM_TOP created with warnings

 ARTWORK had warnings
