(---------------------------------------------------------------------)
(                                                                     )
(    QUICKPLACE LOG                                                   )
(                                                                     )
(    Drawing          : PLL_SQ.brd                                    )
(    Software Version : 16.6P004                                      )
(    Date/Time        : Fri Feb 05 00:33:40 2016                      )
(                                                                     )
(---------------------------------------------------------------------)


State: Placing on layer TOP

         Placed symbol:  PLL1 / HMC701_HCP_40_1_HMC701 / HCP_40_1 at (-858.00 1151.20)
         Placed symbol:  U1 / D75J_D75J_D75J / D75J at (-498.33 1160.03)
         Placed symbol:  GPIO_SPI1 / 8 HEADER_HEADER8_GPIO_SPI / HEADER8 at (-128.91 1073.42)
         Placed symbol:  LP5900_3V3_D1 / LP5900_SMP6_1_2_LP5900 / SMP6_1_2 at (207.24 1086.99)
         Placed symbol:  LP5900_3V3_A1 / LP5900_SMP6_1_2_LP5900 / SMP6_1_2 at (315.50 1086.99)
         Placed symbol:  LP5900_3V3_A2 / LP5900_SMP6_1_2_LP5900 / SMP6_1_2 at (423.76 1086.99)
         Placed symbol:  J1 / SMA_3_SMA_AMPHENOL_S_SMA_3 / SMA_AMPHENOL_S at (487.46 1154.50)
         Placed symbol:  C9 / CAP_CAPC1608N_CAP / CAPC1608N at (731.48 1037.53)
         Placed symbol:  C10 / CAP_CAPC1608N_1UF / CAPC1608N at (861.52 1037.53)
         Placed symbol:  C15 / CAP_CAPC1608N_1UF / CAPC1608N at (-930.98 1345.79)
         Placed symbol:  C20 / CAP_CAPC1608N_1UF / CAPC1608N at (-800.94 1345.79)
         Placed symbol:  C24 / CAP_CAPC1608N_1UF / CAPC1608N at (-670.90 1345.79)
         Placed symbol:  C7 / CAP_CAPC1608N_CAP / CAPC1608N at (-540.86 1345.79)
         Placed symbol:  C8 / CAP_CAPC1608N_1UF / CAPC1608N at (-410.82 1345.79)
         Placed symbol:  C11 / CAP_CAPC1608N_0.1UF / CAPC1608N at (-280.78 1345.79)
         Placed symbol:  C12 / CAP_CAPC1608N_0.1UF / CAPC1608N at (-150.74 1345.79)
         Placed symbol:  C16 / CAP_CAPC1608N_0.1UF / CAPC1608N at (-20.70 1345.79)
         Placed symbol:  C18 / CAP_CAPC1608N_0.1UF / CAPC1608N at (109.34 1345.79)
         Placed symbol:  C6 / CAP_CAPC1608N_CAP / CAPC1608N at (239.38 1345.79)
         Placed symbol:  C29 / CAP_CAPC1608N_1UF / CAPC1608N at (369.42 1345.79)
         Placed symbol:  C3 / CAP_CAPC1608N_CAP / CAPC1608N at (499.46 1345.79)
         Placed symbol:  C2 / CAP_CAPC1608N_CAP / CAPC1608N at (629.50 1345.79)
         Placed symbol:  C27 / CAP_CAPC1608N_0.1UF / CAPC1608N at (759.54 1345.79)
         Placed symbol:  C30 / CAP_CAPC1608N_0.1UF / CAPC1608N at (889.58 1345.79)
         Placed symbol:  C13 / CAP_CAPC1608N_0.001UF / CAPC1608N at (-930.98 1415.81)
         Placed symbol:  C5 / CAP_CAPC1608N_0.001UF / CAPC1608N at (-800.94 1415.81)
         Placed symbol:  C14 / CAP_CAPC1608N_100PF / CAPC1608N at (-670.90 1415.81)
         Placed symbol:  C19 / CAP_CAPC1608N_100PF / CAPC1608N at (-540.86 1415.81)
         Placed symbol:  C17 / CAP_CAPC1608N_10PF / CAPC1608N at (-410.82 1415.81)
         Placed symbol:  C23 / CAP_CAPC1608N_4.7UF / CAPC1608N at (-280.78 1415.81)
         Placed symbol:  C28 / CAP_CAPC1608N_4.5UF / CAPC1608N at (-150.74 1415.81)
         Placed symbol:  C1 / CAP_CAPC1608N_CAP / CAPC1608N at (-20.70 1415.81)
         Placed symbol:  C22 / CAP_CAPC1608N_0.1UF / CAPC1608N at (109.34 1415.81)
         Placed symbol:  C4 / CAP_CAPC1608N_CAP / CAPC1608N at (239.38 1415.81)
         Placed symbol:  C25 / CAP_CAPC1608N_0.1UF / CAPC1608N at (369.42 1415.81)
         Placed symbol:  C21 / CAP_CAPC1608N_0.1UF / CAPC1608N at (499.46 1415.81)
         Placed symbol:  C26 / CAP_CAPC1608N_0.1UF / CAPC1608N at (629.50 1415.81)
         Placed symbol:  PLL_OUT1 / CON2_HEADER2_CON2 / HEADER2 at (781.45 1406.42)
         Placed symbol:  R1 / RES_CAPC1608N_0 / CAPC1608N at (933.15 1415.81)
         Placed symbol:  R2 / RES_CAPC1608N_10K / CAPC1608N at (-930.98 1485.83)
         Placed symbol:  R3 / RES_CAPC1608N_10K / CAPC1608N at (-800.94 1485.83)
         Placed symbol:  R4 / RES_CAPC1608N_10K / CAPC1608N at (-670.90 1485.83)
         Placed symbol:  5V1 / HEADER 2_HEADER2_HEADER 2 / HEADER2 at (-518.95 1476.44)


Placed 43 of 43 applicable (43 total) symbols.

-----------------------------------------------------------------------

