(---------------------------------------------------------------------)
(                                                                     )
(    Refresh Padstack                                                 )
(                                                                     )
(    Drawing          : fox801.dra                                    )
(    Software Version : 16.6S042                                      )
(    Date/Time        : Thu Mar 10 14:18:24 2016                      )
(                                                                     )
(---------------------------------------------------------------------)


Thu Mar 10 14:18:24 2016				Page     1


------ Pad Stack Refresh Options ------

Input design  = 'C:/Users/Dart/Desktop/FMCW/FMCW/PCB/Transmitter/psm/footprints/fox801.dra'
Output design = ''
Reset symbol text and size locations   = 'NO'


------ Library Paths ------
PSMPATH =  . 
           symbols 
           .. 
           ../symbols 
           C:/Cadence/SPB_16.6/share/local/pcb/symbols 
           C:/Cadence/SPB_16.6/share/pcb/pcb_lib/symbols 
           C:/Cadence/SPB_16.6/share/pcb/allegrolib/symbols 
           C:/Users/Dart/Desktop/FMCW/FMCW/PCB/Transmitter/psm/footprints/ 
           C:/Users/Dart/Desktop/FMCW/FMCW/PCB/Transmitter/psm/UltraLibrarian/hmc701-40/ 
           C:/Users/Dart/Desktop/FMCW/FMCW/PCB/Transmitter/psm/UltraLibrarian/hmc509-32/ 
           C:/Users/Dart/Desktop/FMCW/FMCW/PCB/Transmitter/psm/UltraLibrarian/hmc996-24/ 
           C:/Users/Dart/Desktop/FMCW/FMCW/PCB/Transmitter/psm/UltraLibrarian/adf4158-24 

PADPATH =  . 
           symbols 
           .. 
           ../symbols 
           C:/Cadence/SPB_16.6/share/local/pcb/padstacks 
           C:/Cadence/SPB_16.6/share/pcb/pcb_lib/symbols 
           C:/Cadence/SPB_16.6/share/pcb/allegrolib/symbols 
           C:/Users/Dart/Desktop/FMCW/FMCW/PCB/Transmitter/psm/padstacks/ 
           C:/Users/Dart/Desktop/FMCW/FMCW/PCB/Transmitter/psm/UltraLibrarian/hmc701-40/ 
           C:/Users/Dart/Desktop/FMCW/FMCW/PCB/Transmitter/psm/UltraLibrarian/hmc509-32/ 
           C:/Users/Dart/Desktop/FMCW/FMCW/PCB/Transmitter/psm/UltraLibrarian/hmc996-24/ 
           C:/Users/Dart/Desktop/FMCW/FMCW/PCB/Transmitter/psm/UltraLibrarian/adf4158-24/ 


------ Pad Stack Refresh Messages ------

'SM1_9R1_4'  pad stack refresh starting.

     'SM1_9R1_4'  pad stack refreshed successfully.
     
Completed refreshing all pad stacks successfully.
